2018-05-04T02:25:37.798Z - normal: Load ~/.CocosCreator/settings.json
2018-05-04T02:25:37.868Z - normal: checking language setting...
2018-05-04T02:25:37.868Z - normal: Language: zh
2018-05-04T02:25:44.709Z - success: protocol editor-framework registered
2018-05-04T02:25:44.709Z - success: protocol app registered
2018-05-04T02:25:44.709Z - success: protocol theme registered
2018-05-04T02:25:44.709Z - success: protocol packages registered
2018-05-04T02:25:44.709Z - success: protocol unpack registerred
2018-05-04T02:25:44.709Z - success: protocol disable-commonjs registerred
2018-05-04T02:25:45.131Z - normal: connected!
2018-05-04T02:25:45.141Z - normal: Check project C:\Users\Administrator\Desktop\消灭星星\start_project
2018-05-04T02:25:45.141Z - normal: Initializing Cocos2d
2018-05-04T02:25:47.517Z - normal: Initializing Asset Database
2018-05-04T02:25:47.657Z - success: protocol uuid registerred
2018-05-04T02:25:47.657Z - success: protocol db registerred
2018-05-04T02:25:47.657Z - success: protocol thumbnail registerred
2018-05-04T02:25:47.657Z - normal: Loading editor/builtin packages
2018-05-04T02:25:47.737Z - success: anysdk loaded
2018-05-04T02:25:47.949Z - success: assets loaded
2018-05-04T02:25:47.949Z - success: builder loaded
2018-05-04T02:25:47.959Z - success: cocos-analytics loaded
2018-05-04T02:25:47.959Z - success: console loaded
2018-05-04T02:25:47.999Z - success: fb-instant-games loaded
2018-05-04T02:25:47.999Z - success: hierarchy loaded
2018-05-04T02:25:48.009Z - success: inspector loaded
2018-05-04T02:25:48.009Z - success: keystore loaded
2018-05-04T02:25:48.009Z - success: node-library loaded
2018-05-04T02:25:48.009Z - success: package-asset loaded
2018-05-04T02:25:48.019Z - success: preferences loaded
2018-05-04T02:25:48.019Z - success: project-exporter loaded
2018-05-04T02:25:48.039Z - success: project-importer loaded
2018-05-04T02:25:48.039Z - success: project-settings loaded
2018-05-04T02:25:48.039Z - success: ui-kit loaded
2018-05-04T02:25:48.049Z - success: ui-grid loaded
2018-05-04T02:25:48.059Z - success: scene loaded
2018-05-04T02:25:48.059Z - success: sprite-editor loaded
2018-05-04T02:25:48.059Z - success: store loaded
2018-05-04T02:25:48.069Z - success: timeline loaded
2018-05-04T02:25:48.069Z - normal: Loading builtin packages
2018-05-04T02:25:48.079Z - success: asset-db-debugger loaded
2018-05-04T02:25:48.079Z - success: code-editor loaded
2018-05-04T02:25:48.089Z - success: color-picker loaded
2018-05-04T02:25:48.089Z - success: package-manager loaded
2018-05-04T02:25:48.099Z - success: sdkbox loaded
2018-05-04T02:25:48.109Z - success: tester loaded
2018-05-04T02:25:48.109Z - success: ui-kit-preview-extra loaded
2018-05-04T02:25:48.109Z - success: ui-kit-preview loaded
2018-05-04T02:25:48.109Z - success: ui-tree loaded
2018-05-04T02:25:50.062Z - normal: Initializing project C:\Users\Administrator\Desktop\消灭星星\start_project
2018-05-04T02:25:50.092Z - normal: Loading packages
2018-05-04T02:25:50.101Z - normal: Watching packages
2018-05-04T02:25:50.141Z - normal: Run Application
2018-05-04T02:25:52.351Z - success: preview server running at http://localhost:7456
2018-05-04T02:26:09.419Z - normal: 1.9.0
